Determining if the pthread_create exist failed with the following output:
Change Dir: /home/bob/bobsgame/cmake-build-debug/CMakeFiles/CMakeTmp

Run Build Command:"/usr/bin/make" "cmTC_61217/fast"
/usr/bin/make -f CMakeFiles/cmTC_61217.dir/build.make CMakeFiles/cmTC_61217.dir/build
make[1]: Entering directory `/home/bob/bobsgame/cmake-build-debug/CMakeFiles/CMakeTmp'
Building C object CMakeFiles/cmTC_61217.dir/CheckSymbolExists.c.o
/usr/bin/cc    -o CMakeFiles/cmTC_61217.dir/CheckSymbolExists.c.o   -c /home/bob/bobsgame/cmake-build-debug/CMakeFiles/CMakeTmp/CheckSymbolExists.c
Linking C executable cmTC_61217
/home/bob/clion-2017.2.1/bin/cmake/bin/cmake -E cmake_link_script CMakeFiles/cmTC_61217.dir/link.txt --verbose=1
/usr/bin/cc      -rdynamic CMakeFiles/cmTC_61217.dir/CheckSymbolExists.c.o  -o cmTC_61217 
CMakeFiles/cmTC_61217.dir/CheckSymbolExists.c.o: In function `main':
CheckSymbolExists.c:(.text+0x16): undefined reference to `pthread_create'
collect2: error: ld returned 1 exit status
make[1]: *** [cmTC_61217] Error 1
make[1]: Leaving directory `/home/bob/bobsgame/cmake-build-debug/CMakeFiles/CMakeTmp'
make: *** [cmTC_61217/fast] Error 2

File /home/bob/bobsgame/cmake-build-debug/CMakeFiles/CMakeTmp/CheckSymbolExists.c:
/* */
#include <pthread.h>

int main(int argc, char** argv)
{
  (void)argv;
#ifndef pthread_create
  return ((int*)(&pthread_create))[argc];
#else
  (void)argc;
  return 0;
#endif
}

Determining if the function pthread_create exists in the pthreads failed with the following output:
Change Dir: /home/bob/bobsgame/cmake-build-debug/CMakeFiles/CMakeTmp

Run Build Command:"/usr/bin/make" "cmTC_74fef/fast"
/usr/bin/make -f CMakeFiles/cmTC_74fef.dir/build.make CMakeFiles/cmTC_74fef.dir/build
make[1]: Entering directory `/home/bob/bobsgame/cmake-build-debug/CMakeFiles/CMakeTmp'
Building C object CMakeFiles/cmTC_74fef.dir/CheckFunctionExists.c.o
/usr/bin/cc   -DCHECK_FUNCTION_EXISTS=pthread_create   -o CMakeFiles/cmTC_74fef.dir/CheckFunctionExists.c.o   -c /home/bob/clion-2017.2.1/bin/cmake/share/cmake-3.8/Modules/CheckFunctionExists.c
Linking C executable cmTC_74fef
/home/bob/clion-2017.2.1/bin/cmake/bin/cmake -E cmake_link_script CMakeFiles/cmTC_74fef.dir/link.txt --verbose=1
/usr/bin/cc  -DCHECK_FUNCTION_EXISTS=pthread_create    -rdynamic CMakeFiles/cmTC_74fef.dir/CheckFunctionExists.c.o  -o cmTC_74fef -lpthreads 
/usr/bin/ld: cannot find -lpthreads
collect2: error: ld returned 1 exit status
make[1]: *** [cmTC_74fef] Error 1
make[1]: Leaving directory `/home/bob/bobsgame/cmake-build-debug/CMakeFiles/CMakeTmp'
make: *** [cmTC_74fef/fast] Error 2


