Performing C SOURCE FILE Test CMAKE_HAVE_LIBC_PTHREAD failed with the following output:
Change Dir: F:/okgame/build/CMakeFiles/CMakeTmp

Run Build Command(s):C:/Program Files/Microsoft Visual Studio/2022/Community/MSBuild/Current/Bin/amd64/MSBuild.exe cmTC_bf99e.vcxproj /p:Configuration=Debug /p:Platform=x64 /p:VisualStudioVersion=17.0 /v:m && MSBuild version 17.3.1+2badb37d1 for .NET Framework
  Microsoft (R) C/C++ Optimizing Compiler Version 19.33.31630 for x64
  src.c
  Copyright (C) Microsoft Corporation.  All rights reserved.
  cl /c /I"F:\vcpkg\installed\x64-windows\include" /Zi /W3 /WX- /diagnostics:column /Od /Ob0 /D _MBCS /D WIN32 /D _WINDOWS /D CMAKE_HAVE_LIBC_PTHREAD /D "CMAKE_INTDIR=\"Debug\"" /Gm- /RTC1 /MDd /GS /fp:precise /Zc:wchar_t /Zc:forScope /Zc:inline /Fo"cmTC_bf99e.dir\Debug\\" /Fd"cmTC_bf99e.dir\Debug\vc143.pdb" /external:W3 /Gd /TC /errorReport:queue F:\okgame\build\CMakeFiles\CMakeTmp\src.c
F:\okgame\build\CMakeFiles\CMakeTmp\src.c(1,10): fatal  error C1083: Cannot open include file: 'pthread.h': No such file or directory [F:\okgame\build\CMakeFiles\CMakeTmp\cmTC_bf99e.vcxproj]


Source file was:
#include <pthread.h>

static void* test_func(void* data)
{
  return data;
}

int main(void)
{
  pthread_t thread;
  pthread_create(&thread, NULL, test_func, NULL);
  pthread_detach(thread);
  pthread_cancel(thread);
  pthread_join(thread, NULL);
  pthread_atfork(NULL, NULL, NULL);
  pthread_exit(NULL);

  return 0;
}

Determining if the function pthread_create exists in the pthreads failed with the following output:
Change Dir: F:/okgame/build/CMakeFiles/CMakeTmp

Run Build Command(s):C:/Program Files/Microsoft Visual Studio/2022/Community/MSBuild/Current/Bin/amd64/MSBuild.exe cmTC_701cc.vcxproj /p:Configuration=Debug /p:Platform=x64 /p:VisualStudioVersion=17.0 /v:m && MSBuild version 17.3.1+2badb37d1 for .NET Framework
  Microsoft (R) C/C++ Optimizing Compiler Version 19.33.31630 for x64
  CheckFunctionExists.c
  Copyright (C) Microsoft Corporation.  All rights reserved.
  cl /c /I"F:\vcpkg\installed\x64-windows\include" /Zi /W3 /WX- /diagnostics:column /Od /Ob0 /D _MBCS /D WIN32 /D _WINDOWS /D CHECK_FUNCTION_EXISTS=pthread_create /D "CMAKE_INTDIR=\"Debug\"" /Gm- /RTC1 /MDd /GS /fp:precise /Zc:wchar_t /Zc:forScope /Zc:inline /Fo"cmTC_701cc.dir\Debug\\" /Fd"cmTC_701cc.dir\Debug\vc143.pdb" /external:W3 /Gd /TC /errorReport:queue "C:\Program Files\CMake\share\cmake-3.24\Modules\CheckFunctionExists.c"
LINK : fatal error LNK1104: cannot open file 'pthreads.lib' [F:\okgame\build\CMakeFiles\CMakeTmp\cmTC_701cc.vcxproj]



Determining if the function pthread_create exists in the pthread failed with the following output:
Change Dir: F:/okgame/build/CMakeFiles/CMakeTmp

Run Build Command(s):C:/Program Files/Microsoft Visual Studio/2022/Community/MSBuild/Current/Bin/amd64/MSBuild.exe cmTC_cfd47.vcxproj /p:Configuration=Debug /p:Platform=x64 /p:VisualStudioVersion=17.0 /v:m && MSBuild version 17.3.1+2badb37d1 for .NET Framework
  Microsoft (R) C/C++ Optimizing Compiler Version 19.33.31630 for x64
  CheckFunctionExists.c
  Copyright (C) Microsoft Corporation.  All rights reserved.
  cl /c /I"F:\vcpkg\installed\x64-windows\include" /Zi /W3 /WX- /diagnostics:column /Od /Ob0 /D _MBCS /D WIN32 /D _WINDOWS /D CHECK_FUNCTION_EXISTS=pthread_create /D "CMAKE_INTDIR=\"Debug\"" /Gm- /RTC1 /MDd /GS /fp:precise /Zc:wchar_t /Zc:forScope /Zc:inline /Fo"cmTC_cfd47.dir\Debug\\" /Fd"cmTC_cfd47.dir\Debug\vc143.pdb" /external:W3 /Gd /TC /errorReport:queue "C:\Program Files\CMake\share\cmake-3.24\Modules\CheckFunctionExists.c"
LINK : fatal error LNK1104: cannot open file 'pthread.lib' [F:\okgame\build\CMakeFiles\CMakeTmp\cmTC_cfd47.vcxproj]



